#
# A fatal error has been detected by the Java Runtime Environment:
#
#  EXCEPTION_ACCESS_VIOLATION (0xc0000005) at pc=0x00007ffd9c956cb7, pid=5124, tid=9724
#
# JRE version: 7.0_25-b17
# Java VM: Java HotSpot(TM) 64-Bit Server VM (23.25-b01 mixed mode windows-amd64 compressed oops)
# Problematic frame:
# C  [idl.dll+0x306cb7]  IDL_igMakeSingleColorPtr+0x21e87
#
# Failed to write core dump. Minidumps are not enabled by default on client versions of Windows
#
# If you would like to submit a bug report, please visit:
#   http://bugreport.sun.com/bugreport/crash.jsp
# The crash happened outside the Java Virtual Machine in native code.
# See problematic frame for where to report the bug.
#

---------------  T H R E A D  ---------------

Current thread (0x000000000cfb9800):  JavaThread "IDL" [_thread_in_native, id=9724, stack(0x000000000f330000,0x000000000f430000)]

siginfo: ExceptionCode=0xc0000005, reading address 0x000000001213d798

Registers:
RAX=0x000000001213d790, RBX=0x0000000000000000, RCX=0xa035e7d6e8ac0000, RDX=0x000000000000000a
RSP=0x000000000f427110, RBP=0x000000000f428380, RSI=0x000000000f429328, RDI=0x000000000f427f60
R8 =0x0000000000000001, R9 =0x000000000000ffff, R10=0x0000000000000008, R11=0x000000000f4267a0
R12=0x0000000000000002, R13=0x000000000ee0e670, R14=0x0000000000000002, R15=0x0000000000000000
RIP=0x00007ffd9c956cb7, EFLAGS=0x0000000000010202

Top of Stack: (sp=0x000000000f427110)
0x000000000f427110:   000000001212e030 000000000ce65750
0x000000000f427120:   0000000000000002 0000000000000000
0x000000000f427130:   0000000000000000 0000000000000002
0x000000000f427140:   000000000f427f98 0000000000000000
0x000000000f427150:   0000000000000000 0000000000000000
0x000000000f427160:   0000000000000000 000000000e54e6e0
0x000000000f427170:   000000000e98ad20 0000000000000001
0x000000000f427180:   000000000ee0e670 000000000e3ebf58
0x000000000f427190:   000000001213d790 0000000000000000
0x000000000f4271a0:   000000000ed49bd8 0000000011a1aad0
0x000000000f4271b0:   000000000ee81270 0000000000000000
0x000000000f4271c0:   000000000ee811f0 0000000000000000
0x000000000f4271d0:   000000000e3ebe90 00007ffd00000000
0x000000000f4271e0:   00007ffd9c956968 00007ffd9c997275
0x000000000f4271f0:   0000000000000003 000000000f427f90
0x000000000f427200:   0000000000000000 0000000000000000 

Instructions: (pc=0x00007ffd9c956cb7)
0x00007ffd9c956c97:   02 00 00 00 48 8b 84 24 a0 00 00 00 48 8b 88 d0
0x00007ffd9c956ca7:   00 00 00 e8 81 ed 10 00 48 8b 84 24 80 00 00 00
0x00007ffd9c956cb7:   8b 40 08 83 e0 08 85 c0 74 25 48 c7 44 24 20 00
0x00007ffd9c956cc7:   00 00 00 45 33 c9 45 33 c0 33 d2 48 8b 84 24 a0 


Register to memory mapping:

RAX=0x000000001213d790 is an unknown value
RBX=0x0000000000000000 is an unknown value
RCX=0xa035e7d6e8ac0000 is an unknown value
RDX=0x000000000000000a is an unknown value
RSP=0x000000000f427110 is pointing into the stack for thread: 0x000000000cfb9800
RBP=0x000000000f428380 is pointing into the stack for thread: 0x000000000cfb9800
RSI=0x000000000f429328 is pointing into the stack for thread: 0x000000000cfb9800
RDI=0x000000000f427f60 is pointing into the stack for thread: 0x000000000cfb9800
R8 =0x0000000000000001 is an unknown value
R9 =0x000000000000ffff is an unknown value
R10=0x0000000000000008 is an unknown value
R11=0x000000000f4267a0 is pointing into the stack for thread: 0x000000000cfb9800
R12=0x0000000000000002 is an unknown value
R13=0x000000000ee0e670 is an unknown value
R14=0x0000000000000002 is an unknown value
R15=0x0000000000000000 is an unknown value


Stack: [0x000000000f330000,0x000000000f430000],  sp=0x000000000f427110,  free space=988k
Native frames: (J=compiled Java code, j=interpreted, Vv=VM code, C=native code)
C  [idl.dll+0x306cb7]  IDL_igMakeSingleColorPtr+0x21e87

Java frames: (J=compiled Java code, j=interpreted, Vv=VM code)
j  com.rsi.idldt.core.ips.IPS_Access.IPS_Start([Ljava/lang/String;)V+0
j  com.rsi.idldt.core.ips.IPS_Manager$2.run()V+15
j  java.lang.Thread.run()V+11
v  ~StubRoutines::call_stub

---------------  P R O C E S S  ---------------

Java Threads: ( => current thread )
  0x000000000cfb5800 JavaThread "Worker-36" [_thread_blocked, id=7836, stack(0x0000000055440000,0x0000000055540000)]
  0x000000000cfb7000 JavaThread "Worker-35" [_thread_blocked, id=5896, stack(0x0000000055340000,0x0000000055440000)]
  0x000000000ebf2000 JavaThread "Worker-34" [_thread_blocked, id=3892, stack(0x0000000055240000,0x0000000055340000)]
  0x000000000ebea800 JavaThread "Worker-33" [_thread_blocked, id=2688, stack(0x0000000055140000,0x0000000055240000)]
  0x000000000ebf1000 JavaThread "Worker-32" [_thread_blocked, id=9936, stack(0x0000000055040000,0x0000000055140000)]
  0x000000000ebf0800 JavaThread "Worker-31" [_thread_blocked, id=352, stack(0x0000000054f40000,0x0000000055040000)]
  0x0000000012187800 JavaThread "Worker-30" [_thread_blocked, id=6768, stack(0x0000000054e40000,0x0000000054f40000)]
  0x000000001217c000 JavaThread "Worker-29" [_thread_blocked, id=10184, stack(0x0000000053b40000,0x0000000053c40000)]
  0x0000000012186000 JavaThread "Worker-28" [_thread_blocked, id=7336, stack(0x0000000052640000,0x0000000052740000)]
  0x000000001217b800 JavaThread "Worker-27" [_thread_blocked, id=3144, stack(0x0000000052540000,0x0000000052640000)]
  0x0000000012183800 JavaThread "Worker-21" [_thread_blocked, id=3996, stack(0x00000000457f0000,0x00000000458f0000)]
  0x0000000012183000 JavaThread "Worker-20" [_thread_blocked, id=3988, stack(0x00000000456f0000,0x00000000457f0000)]
  0x0000000012185000 JavaThread "Timer-4" daemon [_thread_blocked, id=7780, stack(0x0000000044cf0000,0x0000000044df0000)]
  0x000000000cfb5000 JavaThread "Worker-16" [_thread_blocked, id=7296, stack(0x00000000206b0000,0x00000000207b0000)]
  0x000000000e0ff800 JavaThread "Timer-2" daemon [_thread_blocked, id=3076, stack(0x0000000015030000,0x0000000015130000)]
  0x000000000e0fd800 JavaThread "Thread-9" [_thread_in_native, id=8392, stack(0x00000000134d0000,0x00000000135d0000)]
  0x000000000e0f9000 JavaThread "IDLDT DOM Worker-3" [_thread_blocked, id=88, stack(0x00000000131d0000,0x00000000132d0000)]
  0x000000000e0ff000 JavaThread "IDLDT DOM Worker-2" [_thread_blocked, id=4832, stack(0x00000000130d0000,0x00000000131d0000)]
  0x000000000cfb4000 JavaThread "IDLDT DOM Worker-1" [_thread_blocked, id=9268, stack(0x0000000012fd0000,0x00000000130d0000)]
  0x000000000cfbb000 JavaThread "IDLDT DOM Worker-0" [_thread_blocked, id=10232, stack(0x0000000012ed0000,0x0000000012fd0000)]
  0x000000000cfba000 JavaThread "Timer-0" daemon [_thread_blocked, id=9424, stack(0x0000000012dd0000,0x0000000012ed0000)]
=>0x000000000cfb9800 JavaThread "IDL" [_thread_in_native, id=9724, stack(0x000000000f330000,0x000000000f430000)]
  0x000000000cfb6800 JavaThread "IDLToJava Broker" daemon [_thread_blocked, id=9548, stack(0x000000000f230000,0x000000000f330000)]
  0x000000000c4b5800 JavaThread "Provisioning Event Dispatcher" daemon [_thread_blocked, id=9460, stack(0x000000000de10000,0x000000000df10000)]
  0x000000000c858800 JavaThread "[ThreadPool Manager] - Idle Thread" daemon [_thread_blocked, id=8700, stack(0x000000000dc10000,0x000000000dd10000)]
  0x000000000c624000 JavaThread "Bundle File Closer" daemon [_thread_blocked, id=9908, stack(0x000000000db10000,0x000000000dc10000)]
  0x000000000cbab000 JavaThread "Worker-JM" [_thread_blocked, id=7220, stack(0x000000000da10000,0x000000000db10000)]
  0x000000000cb8c000 JavaThread "[Timer] - Main Queue Handler" daemon [_thread_blocked, id=7248, stack(0x000000000d910000,0x000000000da10000)]
  0x000000000c760800 JavaThread "Framework Event Dispatcher" daemon [_thread_blocked, id=4496, stack(0x000000000d710000,0x000000000d810000)]
  0x000000000c717800 JavaThread "Start Level Event Dispatcher" daemon [_thread_blocked, id=4248, stack(0x000000000d610000,0x000000000d710000)]
  0x000000000c7f0800 JavaThread "State Data Manager" daemon [_thread_blocked, id=7404, stack(0x000000000d510000,0x000000000d610000)]
  0x000000000c503000 JavaThread "Framework Active Thread" [_thread_blocked, id=8160, stack(0x000000000d310000,0x000000000d410000)]
  0x000000000aabe000 JavaThread "Service Thread" daemon [_thread_blocked, id=6532, stack(0x000000000c270000,0x000000000c370000)]
  0x000000000aa9d800 JavaThread "C2 CompilerThread1" daemon [_thread_blocked, id=5868, stack(0x000000000c170000,0x000000000c270000)]
  0x000000000aa98000 JavaThread "C2 CompilerThread0" daemon [_thread_blocked, id=4280, stack(0x000000000c070000,0x000000000c170000)]
  0x000000000aa97000 JavaThread "Attach Listener" daemon [_thread_blocked, id=836, stack(0x000000000bf70000,0x000000000c070000)]
  0x000000000aa93800 JavaThread "Signal Dispatcher" daemon [_thread_blocked, id=4948, stack(0x000000000be70000,0x000000000bf70000)]
  0x000000000aa37800 JavaThread "Finalizer" daemon [_thread_blocked, id=9656, stack(0x000000000bd70000,0x000000000be70000)]
  0x000000000aa2e800 JavaThread "Reference Handler" daemon [_thread_blocked, id=6184, stack(0x000000000bc70000,0x000000000bd70000)]
  0x00000000025ce000 JavaThread "main" [_thread_in_native, id=2940, stack(0x0000000000050000,0x0000000000150000)]

Other Threads:
  0x000000000aa27000 VMThread [stack: 0x000000000bb70000,0x000000000bc70000] [id=8668]
  0x000000000aac7000 WatcherThread [stack: 0x000000000c370000,0x000000000c470000] [id=8432]

VM state:not at safepoint (normal execution)

VM Mutex/Monitor currently owned by a thread: None

Heap
 PSYoungGen      total 123008K, used 103456K [0x00000000daeb0000, 0x00000000e38f0000, 0x0000000100000000)
  eden space 119680K, 83% used [0x00000000daeb0000,0x00000000e107d3d8,0x00000000e2390000)
  from space 3328K, 99% used [0x00000000e2990000,0x00000000e2ccacc8,0x00000000e2cd0000)
  to   space 6144K, 0% used [0x00000000e2390000,0x00000000e2390000,0x00000000e2990000)
 ParOldGen       total 99584K, used 40732K [0x0000000090c00000, 0x0000000096d40000, 0x00000000daeb0000)
  object space 99584K, 40% used [0x0000000090c00000,0x00000000933c7320,0x0000000096d40000)
 PSPermGen       total 52288K, used 51929K [0x000000008ba00000, 0x000000008ed10000, 0x0000000090c00000)
  object space 52288K, 99% used [0x000000008ba00000,0x000000008ecb6478,0x000000008ed10000)

Card table byte_map: [0x0000000005690000,0x0000000005a40000] byte_map_base: 0x0000000005233000

Polling page: 0x00000000001f0000

Code Cache  [0x00000000025d0000, 0x0000000002b50000, 0x00000000055d0000)
 total_blobs=2060 nmethods=1388 adapters=620 free_code_cache=43629Kb largest_free_block=44574976

Compilation events (10 events):
Event: 13238.767 Thread 0x000000000aa9d800 1516             org.eclipse.ui.internal.progress.JobInfo::isCanceled (5 bytes)
Event: 13238.768 Thread 0x000000000aa9d800 nmethod 1516 0x0000000002afcc90 code [0x0000000002afcdc0, 0x0000000002afce18]
Event: 13239.050 Thread 0x000000000aa98000   54 %           org.eclipse.swt.custom.StyledText::getLineIndex @ 142 (180 bytes)
Event: 13239.057 Thread 0x000000000aa98000 nmethod 54% 0x0000000002afdd50 code [0x0000000002afdec0, 0x0000000002afe1f8]
Event: 13239.057 Thread 0x000000000aa9d800 1517             org.eclipse.swt.custom.StyledText::getLineIndex (180 bytes)
Event: 13239.092 Thread 0x000000000aa9d800 nmethod 1517 0x0000000002a7d850 code [0x0000000002a7da80, 0x0000000002a7e6f0]
Event: 13246.357 Thread 0x000000000aa98000 1518             org.eclipse.jface.text.rules.PatternRule::sequenceDetected (78 bytes)
Event: 13246.360 Thread 0x000000000aa98000 nmethod 1518 0x0000000002af6a90 code [0x0000000002af6c00, 0x0000000002af6d88]
Event: 13246.655 Thread 0x000000000aa9d800 1519             org.eclipse.core.internal.jobs.JobListeners$5::notify (8 bytes)
Event: 13246.656 Thread 0x000000000aa9d800 nmethod 1519 0x0000000002b00810 code [0x0000000002b00960, 0x0000000002b009d8]

GC Heap History (10 events):
Event: 13140.010 GC heap before
{Heap before GC invocations=128 (full 54):
 PSYoungGen      total 124032K, used 2216K [0x00000000daeb0000, 0x00000000e2d10000, 0x0000000100000000)
  eden space 122496K, 1% used [0x00000000daeb0000,0x00000000db0da2e8,0x00000000e2650000)
  from space 1536K, 0% used [0x00000000e2650000,0x00000000e2650000,0x00000000e27d0000)
  to   space 3456K, 0% used [0x00000000e29b0000,0x00000000e29b0000,0x00000000e2d10000)
 ParOldGen       total 99584K, used 34506K [0x0000000090c00000, 0x0000000096d40000, 0x00000000daeb0000)
  object space 99584K, 34% used [0x0000000090c00000,0x0000000092db29b8,0x0000000096d40000)
 PSPermGen       total 52288K, used 51748K [0x000000008ba00000, 0x000000008ed10000, 0x0000000090c00000)
  object space 52288K, 98% used [0x000000008ba00000,0x000000008ec890a0,0x000000008ed10000)
Event: 13140.013 GC heap after
Heap after GC invocations=128 (full 54):
 PSYoungGen      total 125952K, used 32K [0x00000000daeb0000, 0x00000000e2d10000, 0x0000000100000000)
  eden space 122496K, 0% used [0x00000000daeb0000,0x00000000daeb0000,0x00000000e2650000)
  from space 3456K, 0% used [0x00000000e29b0000,0x00000000e29b8000,0x00000000e2d10000)
  to   space 3456K, 0% used [0x00000000e2650000,0x00000000e2650000,0x00000000e29b0000)
 ParOldGen       total 99584K, used 34506K [0x0000000090c00000, 0x0000000096d40000, 0x00000000daeb0000)
  object space 99584K, 34% used [0x0000000090c00000,0x0000000092db29b8,0x0000000096d40000)
 PSPermGen       total 52288K, used 51748K [0x000000008ba00000, 0x000000008ed10000, 0x0000000090c00000)
  object space 52288K, 98% used [0x000000008ba00000,0x000000008ec890a0,0x000000008ed10000)
}
Event: 13140.013 GC heap before
{Heap before GC invocations=129 (full 55):
 PSYoungGen      total 125952K, used 32K [0x00000000daeb0000, 0x00000000e2d10000, 0x0000000100000000)
  eden space 122496K, 0% used [0x00000000daeb0000,0x00000000daeb0000,0x00000000e2650000)
  from space 3456K, 0% used [0x00000000e29b0000,0x00000000e29b8000,0x00000000e2d10000)
  to   space 3456K, 0% used [0x00000000e2650000,0x00000000e2650000,0x00000000e29b0000)
 ParOldGen       total 99584K, used 34506K [0x0000000090c00000, 0x0000000096d40000, 0x00000000daeb0000)
  object space 99584K, 34% used [0x0000000090c00000,0x0000000092db29b8,0x0000000096d40000)
 PSPermGen       total 52288K, used 51748K [0x000000008ba00000, 0x000000008ed10000, 0x0000000090c00000)
  object space 52288K, 98% used [0x000000008ba00000,0x000000008ec890a0,0x000000008ed10000)
Event: 13140.222 GC heap after
Heap after GC invocations=129 (full 55):
 PSYoungGen      total 125952K, used 0K [0x00000000daeb0000, 0x00000000e2d10000, 0x0000000100000000)
  eden space 122496K, 0% used [0x00000000daeb0000,0x00000000daeb0000,0x00000000e2650000)
  from space 3456K, 0% used [0x00000000e29b0000,0x00000000e29b0000,0x00000000e2d10000)
  to   space 3456K, 0% used [0x00000000e2650000,0x00000000e2650000,0x00000000e29b0000)
 ParOldGen       total 99584K, used 34504K [0x0000000090c00000, 0x0000000096d40000, 0x00000000daeb0000)
  object space 99584K, 34% used [0x0000000090c00000,0x0000000092db20b8,0x0000000096d40000)
 PSPermGen       total 52288K, used 51748K [0x000000008ba00000, 0x000000008ed10000, 0x0000000090c00000)
  object space 52288K, 98% used [0x000000008ba00000,0x000000008ec890a0,0x000000008ed10000)
}
Event: 13212.896 GC heap before
{Heap before GC invocations=130 (full 55):
 PSYoungGen      total 125952K, used 40713K [0x00000000daeb0000, 0x00000000e2d10000, 0x0000000100000000)
  eden space 122496K, 33% used [0x00000000daeb0000,0x00000000dd672520,0x00000000e2650000)
  from space 3456K, 0% used [0x00000000e29b0000,0x00000000e29b0000,0x00000000e2d10000)
  to   space 3456K, 0% used [0x00000000e2650000,0x00000000e2650000,0x00000000e29b0000)
 ParOldGen       total 99584K, used 34504K [0x0000000090c00000, 0x0000000096d40000, 0x00000000daeb0000)
  object space 99584K, 34% used [0x0000000090c00000,0x0000000092db20b8,0x0000000096d40000)
 PSPermGen       total 52288K, used 51779K [0x000000008ba00000, 0x000000008ed10000, 0x0000000090c00000)
  object space 52288K, 99% used [0x000000008ba00000,0x000000008ec90dd0,0x000000008ed10000)
Event: 13212.907 GC heap after
Heap after GC invocations=130 (full 55):
 PSYoungGen      total 123200K, used 660K [0x00000000daeb0000, 0x00000000e2cd0000, 0x0000000100000000)
  eden space 122496K, 0% used [0x00000000daeb0000,0x00000000daeb0000,0x00000000e2650000)
  from space 704K, 93% used [0x00000000e2650000,0x00000000e26f5030,0x00000000e2700000)
  to   space 3328K, 0% used [0x00000000e2990000,0x00000000e2990000,0x00000000e2cd0000)
 ParOldGen       total 99584K, used 34504K [0x0000000090c00000, 0x0000000096d40000, 0x00000000daeb0000)
  object space 99584K, 34% used [0x0000000090c00000,0x0000000092db20b8,0x0000000096d40000)
 PSPermGen       total 52288K, used 51779K [0x000000008ba00000, 0x000000008ed10000, 0x0000000090c00000)
  object space 52288K, 99% used [0x000000008ba00000,0x000000008ec90dd0,0x000000008ed10000)
}
Event: 13212.907 GC heap before
{Heap before GC invocations=131 (full 56):
 PSYoungGen      total 123200K, used 660K [0x00000000daeb0000, 0x00000000e2cd0000, 0x0000000100000000)
  eden space 122496K, 0% used [0x00000000daeb0000,0x00000000daeb0000,0x00000000e2650000)
  from space 704K, 93% used [0x00000000e2650000,0x00000000e26f5030,0x00000000e2700000)
  to   space 3328K, 0% used [0x00000000e2990000,0x00000000e2990000,0x00000000e2cd0000)
 ParOldGen       total 99584K, used 34504K [0x0000000090c00000, 0x0000000096d40000, 0x00000000daeb0000)
  object space 99584K, 34% used [0x0000000090c00000,0x0000000092db20b8,0x0000000096d40000)
 PSPermGen       total 52288K, used 51779K [0x000000008ba00000, 0x000000008ed10000, 0x0000000090c00000)
  object space 52288K, 99% used [0x000000008ba00000,0x000000008ec90dd0,0x000000008ed10000)
Event: 13213.159 GC heap after
Heap after GC invocations=131 (full 56):
 PSYoungGen      total 123200K, used 0K [0x00000000daeb0000, 0x00000000e2cd0000, 0x0000000100000000)
  eden space 122496K, 0% used [0x00000000daeb0000,0x00000000daeb0000,0x00000000e2650000)
  from space 704K, 0% used [0x00000000e2650000,0x00000000e2650000,0x00000000e2700000)
  to   space 3328K, 0% used [0x00000000e2990000,0x00000000e2990000,0x00000000e2cd0000)
 ParOldGen       total 99584K, used 34720K [0x0000000090c00000, 0x0000000096d40000, 0x00000000daeb0000)
  object space 99584K, 34% used [0x0000000090c00000,0x0000000092de8000,0x0000000096d40000)
 PSPermGen       total 52288K, used 51779K [0x000000008ba00000, 0x000000008ed10000, 0x0000000090c00000)
  object space 52288K, 99% used [0x000000008ba00000,0x000000008ec90cb0,0x000000008ed10000)
}
Event: 13231.293 GC heap before
{Heap before GC invocations=132 (full 56):
 PSYoungGen      total 123200K, used 122496K [0x00000000daeb0000, 0x00000000e2cd0000, 0x0000000100000000)
  eden space 122496K, 100% used [0x00000000daeb0000,0x00000000e2650000,0x00000000e2650000)
  from space 704K, 0% used [0x00000000e2650000,0x00000000e2650000,0x00000000e2700000)
  to   space 3328K, 0% used [0x00000000e2990000,0x00000000e2990000,0x00000000e2cd0000)
 ParOldGen       total 99584K, used 34720K [0x0000000090c00000, 0x0000000096d40000, 0x00000000daeb0000)
  object space 99584K, 34% used [0x0000000090c00000,0x0000000092de8000,0x0000000096d40000)
 PSPermGen       total 52288K, used 51881K [0x000000008ba00000, 0x000000008ed10000, 0x0000000090c00000)
  object space 52288K, 99% used [0x000000008ba00000,0x000000008ecaa6f8,0x000000008ed10000)
Event: 13231.311 GC heap after
Heap after GC invocations=132 (full 56):
 PSYoungGen      total 123008K, used 3307K [0x00000000daeb0000, 0x00000000e38f0000, 0x0000000100000000)
  eden space 119680K, 0% used [0x00000000daeb0000,0x00000000daeb0000,0x00000000e2390000)
  from space 3328K, 99% used [0x00000000e2990000,0x00000000e2ccacc8,0x00000000e2cd0000)
  to   space 6144K, 0% used [0x00000000e2390000,0x00000000e2390000,0x00000000e2990000)
 ParOldGen       total 99584K, used 40732K [0x0000000090c00000, 0x0000000096d40000, 0x00000000daeb0000)
  object space 99584K, 40% used [0x0000000090c00000,0x00000000933c7320,0x0000000096d40000)
 PSPermGen       total 52288K, used 51881K [0x000000008ba00000, 0x000000008ed10000, 0x0000000090c00000)
  object space 52288K, 99% used [0x000000008ba00000,0x000000008ecaa6f8,0x000000008ed10000)
}

Deoptimization events (10 events):
Event: 13229.631 Thread 0x00000000025ce000 Uncommon trap -58 fr.pc 0x0000000002a79a34
Event: 13229.631 Thread 0x00000000025ce000 Uncommon trap -58 fr.pc 0x0000000002657d98
Event: 13229.631 Thread 0x00000000025ce000 Uncommon trap -58 fr.pc 0x0000000002a79a34
Event: 13229.631 Thread 0x00000000025ce000 Uncommon trap -58 fr.pc 0x0000000002657d98
Event: 13229.631 Thread 0x00000000025ce000 Uncommon trap -58 fr.pc 0x00000000029735b4
Event: 13231.312 Thread 0x00000000025ce000 Uncommon trap -34 fr.pc 0x00000000029dc2c0
Event: 13231.339 Thread 0x00000000025ce000 Uncommon trap -34 fr.pc 0x0000000002ae3cd8
Event: 13233.425 Thread 0x00000000025ce000 Uncommon trap -34 fr.pc 0x0000000002ac3e2c
Event: 13246.266 Thread 0x00000000025ce000 Uncommon trap -34 fr.pc 0x00000000029dc2c0
Event: 13246.365 Thread 0x00000000025ce000 Uncommon trap -34 fr.pc 0x0000000002ae3cd8

Internal exceptions (10 events):
Event: 13224.803 Thread 0x0000000012184800 Threw 0x00000000db9f5470 at C:\jdk7u2_64p\jdk7u25\hotspot\src\share\vm\prims\jvm.cpp:2957
Event: 13224.811 Thread 0x0000000012184800 Threw 0x00000000db9f5618 at C:\jdk7u2_64p\jdk7u25\hotspot\src\share\vm\prims\jvm.cpp:2957
Event: 13225.115 Thread 0x0000000012184800 Threw 0x00000000db9f57c0 at C:\jdk7u2_64p\jdk7u25\hotspot\src\share\vm\prims\jvm.cpp:2957
Event: 13225.123 Thread 0x0000000012184800 Threw 0x00000000db9f5968 at C:\jdk7u2_64p\jdk7u25\hotspot\src\share\vm\prims\jvm.cpp:2957
Event: 13225.131 Thread 0x0000000012184800 Threw 0x00000000db9f5b10 at C:\jdk7u2_64p\jdk7u25\hotspot\src\share\vm\prims\jvm.cpp:2957
Event: 13225.139 Thread 0x0000000012184800 Threw 0x00000000db9f5cb8 at C:\jdk7u2_64p\jdk7u25\hotspot\src\share\vm\prims\jvm.cpp:2957
Event: 13225.145 Thread 0x0000000012184800 Threw 0x00000000db9f5e60 at C:\jdk7u2_64p\jdk7u25\hotspot\src\share\vm\prims\jvm.cpp:2957
Event: 13228.671 Thread 0x000000001217b800 Implicit null exception at 0x0000000002a6f7d4 to 0x0000000002a711f9
Event: 13229.516 Thread 0x00000000025ce000 Implicit null exception at 0x0000000002abae3c to 0x0000000002abb21d
Event: 13229.631 Thread 0x00000000025ce000 Implicit null exception at 0x0000000002acb196 to 0x0000000002acd175

Events (10 events):
Event: 13251.000 Executing VM operation: RevokeBias done
Event: 13251.000 Thread 0x000000000e0fa800 Thread exited: 0x000000000e0fa800
Event: 13252.356 Thread 0x000000000e0fa800 Thread added: 0x000000000e0fa800
Event: 13252.356 Executing VM operation: RevokeBias
Event: 13252.357 Executing VM operation: RevokeBias done
Event: 13252.357 Thread 0x000000000e0fa800 Thread exited: 0x000000000e0fa800
Event: 13252.358 Executing VM operation: RevokeBias
Event: 13252.358 Executing VM operation: RevokeBias done
Event: 13252.385 Executing VM operation: RevokeBias
Event: 13252.386 Executing VM operation: RevokeBias done


Dynamic libraries:
0x0000000000400000 - 0x000000000040e000 	C:\Program Files\Exelis\IDL85\bin\bin.x86_64\idlde.exe
0x00007ffdc8aa0000 - 0x00007ffdc8c61000 	C:\windows\SYSTEM32\ntdll.dll
0x00007ffdc66d0000 - 0x00007ffdc677d000 	C:\windows\system32\KERNEL32.DLL
0x00007ffdc5300000 - 0x00007ffdc54e8000 	C:\windows\system32\KERNELBASE.dll
0x00007ffdc8940000 - 0x00007ffdc8a96000 	C:\windows\system32\USER32.dll
0x00007ffdc8160000 - 0x00007ffdc82e6000 	C:\windows\system32\GDI32.dll
0x00007ffdc5ee0000 - 0x00007ffdc5f7d000 	C:\windows\system32\msvcrt.dll
0x00007ffdbdab0000 - 0x00007ffdbdd24000 	C:\windows\WinSxS\amd64_microsoft.windows.common-controls_6595b64144ccf1df_6.0.10586.0_none_8c15ae12515e1c22\COMCTL32.dll
0x00007ffdc67a0000 - 0x00007ffdc6a1d000 	C:\windows\system32\combase.dll
0x00007ffdc64d0000 - 0x00007ffdc65ec000 	C:\windows\system32\RPCRT4.dll
0x00007ffdc5290000 - 0x00007ffdc52fa000 	C:\windows\system32\bcryptPrimitives.dll
0x00007ffdc5ea0000 - 0x00007ffdc5edb000 	C:\windows\system32\IMM32.DLL
0x0000000072000000 - 0x0000000072012000 	C:\Program Files\Exelis\IDL85\bin\bin.x86_64\plugins\org.eclipse.equinox.launcher.win32.win32.x86_64_1.1.100.v20110502\eclipse_1406.dll
0x00007ffdc60b0000 - 0x00007ffdc6157000 	C:\windows\system32\ADVAPI32.dll
0x00007ffdc6050000 - 0x00007ffdc60ab000 	C:\windows\system32\sechost.dll
0x00007ffdc1aa0000 - 0x00007ffdc1aaa000 	C:\windows\SYSTEM32\VERSION.dll
0x0000000050e20000 - 0x000000005152f000 	C:\Program Files\Exelis\IDL85\bin\bin.x86_64\jre\bin\server\jvm.dll
0x00007ffdc80d0000 - 0x00007ffdc80d8000 	C:\windows\system32\PSAPI.DLL
0x00007ffdbd3d0000 - 0x00007ffdbd3d9000 	C:\windows\SYSTEM32\WSOCK32.dll
0x00007ffdc37c0000 - 0x00007ffdc37e3000 	C:\windows\SYSTEM32\WINMM.dll
0x0000000050d40000 - 0x0000000050e12000 	C:\windows\SYSTEM32\MSVCR100.dll
0x00007ffdc80e0000 - 0x00007ffdc814b000 	C:\windows\system32\WS2_32.dll
0x0000000001f60000 - 0x0000000001f8c000 	C:\windows\SYSTEM32\WINMMBASE.dll
0x00007ffdc5750000 - 0x00007ffdc5793000 	C:\windows\system32\cfgmgr32.dll
0x0000000050d30000 - 0x0000000050d3f000 	C:\Program Files\Exelis\IDL85\bin\bin.x86_64\jre\bin\verify.dll
0x0000000050d00000 - 0x0000000050d28000 	C:\Program Files\Exelis\IDL85\bin\bin.x86_64\jre\bin\java.dll
0x0000000050ce0000 - 0x0000000050cf5000 	C:\Program Files\Exelis\IDL85\bin\bin.x86_64\jre\bin\zip.dll
0x00007ffdc4a40000 - 0x00007ffdc4a57000 	C:\windows\SYSTEM32\CRYPTSP.dll
0x00007ffdc46d0000 - 0x00007ffdc4704000 	C:\windows\system32\rsaenh.dll
0x00007ffdc4ff0000 - 0x00007ffdc5019000 	C:\windows\SYSTEM32\bcrypt.dll
0x00007ffdc4820000 - 0x00007ffdc483f000 	C:\windows\SYSTEM32\USERENV.dll
0x00007ffdc5110000 - 0x00007ffdc5124000 	C:\windows\system32\profapi.dll
0x00007ffdc4b60000 - 0x00007ffdc4b6b000 	C:\windows\SYSTEM32\CRYPTBASE.dll
0x0000000050cc0000 - 0x0000000050cd9000 	C:\Program Files\Exelis\IDL85\bin\bin.x86_64\jre\bin\net.dll
0x00007ffdc4990000 - 0x00007ffdc49ec000 	C:\windows\system32\mswsock.dll
0x00007ffdb1e40000 - 0x00007ffdb1e56000 	C:\windows\system32\napinsp.dll
0x00007ffdb1a80000 - 0x00007ffdb1a9a000 	C:\windows\system32\pnrpnsp.dll
0x00007ffdc29d0000 - 0x00007ffdc29e8000 	C:\windows\system32\NLAapi.dll
0x00007ffdc3a40000 - 0x00007ffdc3aea000 	C:\windows\SYSTEM32\DNSAPI.dll
0x00007ffdc8150000 - 0x00007ffdc8158000 	C:\windows\system32\NSI.dll
0x00007ffdb1ec0000 - 0x00007ffdb1ecd000 	C:\windows\System32\winrnr.dll
0x00007ffdb1e60000 - 0x00007ffdb1e75000 	C:\windows\System32\wshbth.dll
0x0000000051c10000 - 0x0000000051c36000 	C:\Program Files\Bonjour\mdnsNSP.dll
0x00007ffdbe5e0000 - 0x00007ffdbe618000 	C:\windows\SYSTEM32\Iphlpapi.DLL
0x00007ffdba540000 - 0x00007ffdba54a000 	C:\Windows\System32\rasadhlp.dll
0x00007ffdbe1d0000 - 0x00007ffdbe237000 	C:\windows\System32\fwpuclnt.dll
0x0000000050ca0000 - 0x0000000050cb1000 	C:\Program Files\Exelis\IDL85\bin\bin.x86_64\jre\bin\nio.dll
0x00007ffdc3b20000 - 0x00007ffdc3bb6000 	C:\windows\system32\uxtheme.dll
0x00007ffdc6160000 - 0x00007ffdc62ba000 	C:\windows\system32\MSCTF.dll
0x00007ffdc5130000 - 0x00007ffdc513f000 	C:\windows\system32\kernel.appcore.dll
0x0000000010000000 - 0x00000000100a7000 	C:\Users\adria\.idl\idlworkbench-config-idl8.5_x86_64\org.eclipse.osgi\bundles\532\1\.cp\swt-win32-3740.dll
0x00007ffdc6a20000 - 0x00007ffdc6b63000 	C:\windows\system32\ole32.dll
0x00007ffdc5f80000 - 0x00007ffdc6041000 	C:\windows\system32\OLEAUT32.dll
0x00007ffdc8830000 - 0x00007ffdc893b000 	C:\windows\system32\comdlg32.dll
0x00007ffdc5170000 - 0x00007ffdc5225000 	C:\windows\system32\shcore.dll
0x00007ffdc83a0000 - 0x00007ffdc83f2000 	C:\windows\system32\SHLWAPI.dll
0x00007ffdc6b70000 - 0x00007ffdc80cc000 	C:\windows\system32\SHELL32.dll
0x00007ffdc5850000 - 0x00007ffdc5e95000 	C:\windows\system32\windows.storage.dll
0x00007ffdc50c0000 - 0x00007ffdc510b000 	C:\windows\system32\powrprof.dll
0x00007ffdc56c0000 - 0x00007ffdc5746000 	C:\windows\system32\FirewallAPI.dll
0x00007ffdc5150000 - 0x00007ffdc5167000 	C:\windows\system32\NETAPI32.dll
0x00007ffdc54f0000 - 0x00007ffdc56b7000 	C:\windows\system32\CRYPT32.dll
0x00007ffdc5140000 - 0x00007ffdc5150000 	C:\windows\system32\MSASN1.dll
0x00007ffdbda20000 - 0x00007ffdbdaa4000 	C:\windows\SYSTEM32\WINSPOOL.DRV
0x00007ffdb6e80000 - 0x00007ffdb6e98000 	C:\windows\SYSTEM32\USP10.dll
0x00007ffdb7930000 - 0x00007ffdb7bd9000 	C:\windows\SYSTEM32\WININET.dll
0x00007ffdbd750000 - 0x00007ffdbd75c000 	C:\windows\SYSTEM32\DAVHLPR.DLL
0x00007ffdc3f40000 - 0x00007ffdc3f72000 	C:\windows\SYSTEM32\fwbase.dll
0x00007ffdc2950000 - 0x00007ffdc2972000 	C:\windows\system32\dwmapi.dll
0x00007ffdc3440000 - 0x00007ffdc35c6000 	C:\windows\SYSTEM32\propsys.dll
0x00007ffdc82f0000 - 0x00007ffdc8397000 	C:\windows\system32\clbcatq.dll
0x0000000002580000 - 0x000000000259e000 	C:\Users\adria\.idl\idlworkbench-config-idl8.5_x86_64\org.eclipse.osgi\bundles\532\1\.cp\swt-gdip-win32-3740.dll
0x00007ffdbd840000 - 0x00007ffdbd9e8000 	C:\windows\WinSxS\amd64_microsoft.windows.gdiplus_6595b64144ccf1df_1.1.10586.20_none_db007f1392e69ef4\gdiplus.dll
0x00007ffdc2130000 - 0x00007ffdc22e1000 	C:\windows\SYSTEM32\WindowsCodecs.dll
0x0000000180000000 - 0x0000000180011000 	C:\Users\adria\.idl\idlworkbench-config-idl8.5_x86_64\org.eclipse.osgi\bundles\184\1\.cp\os\win32\x86_64\localfile_1_0_0.dll
0x00007ffdb04c0000 - 0x00007ffdb050d000 	C:\Program Files\Exelis\IDL85\bin\bin.x86_64\idl_ips.dll
0x00007ffd9c650000 - 0x00007ffd9d41d000 	C:\Program Files\Exelis\IDL85\bin\bin.x86_64\idl.dll
0x00007ffdb5470000 - 0x00007ffdb5493000 	C:\Program Files\Exelis\IDL85\bin\bin.x86_64\UG3220.dll
0x00007ffdb0110000 - 0x00007ffdb016c000 	C:\Program Files\Exelis\IDL85\bin\bin.x86_64\MesaGLU6_2.dll
0x00007ffdaa3a0000 - 0x00007ffdaa52e000 	C:\Program Files\Exelis\IDL85\bin\bin.x86_64\MesaGL6_2.dll
0x00007ffdbb570000 - 0x00007ffdbb57c000 	C:\Program Files\Exelis\IDL85\bin\bin.x86_64\osmesa6_2.dll
0x00007ffdaab80000 - 0x00007ffdaabfc000 	C:\Program Files\Exelis\IDL85\bin\bin.x86_64\freetype2_4_7.dll
0x00007ffdbde50000 - 0x00007ffdbde57000 	C:\windows\SYSTEM32\MSIMG32.dll
0x00007ffdc4da0000 - 0x00007ffdc4dcd000 	C:\windows\SYSTEM32\SspiCli.dll
0x00007ffda0cc0000 - 0x00007ffda0ff6000 	C:\windows\System32\DriverStore\FileRepository\prnms003.inf_amd64_2c216107863220d6\Amd64\PrintConfig.dll
0x00007ffdb5360000 - 0x00007ffdb538b000 	C:\windows\SYSTEM32\prntvpt.dll
0x00007ffda9fb0000 - 0x00007ffdaa093000 	C:\windows\System32\DriverStore\FileRepository\ntprint.inf_amd64_f9853ae82ff0dda6\Amd64\mxdwdrv.dll
0x00007ffdc24b0000 - 0x00007ffdc24e6000 	C:\windows\SYSTEM32\XmlLite.dll
0x00007ffda1430000 - 0x00007ffda162b000 	C:\windows\SYSTEM32\opcservices.dll
0x00007ffdb8a20000 - 0x00007ffdb8bd7000 	C:\windows\SYSTEM32\urlmon.dll
0x00007ffdbfba0000 - 0x00007ffdbff23000 	C:\windows\SYSTEM32\iertutil.dll
0x00007ffd9ecf0000 - 0x00007ffd9efdd000 	C:\windows\SYSTEM32\xpsservices.dll
0x00007ffdaf6f0000 - 0x00007ffdaf711000 	C:\windows\system32\FontSub.dll
0x00007ffdbc6b0000 - 0x00007ffdbc92a000 	C:\Windows\System32\msxml6.dll
0x00007ffda9e80000 - 0x00007ffda9fa9000 	C:\windows\SYSTEM32\OpenGL32.DLL
0x00007ffda7ea0000 - 0x00007ffda7f9a000 	C:\windows\SYSTEM32\DDRAW.dll
0x00007ffdaf5e0000 - 0x00007ffdaf60e000 	C:\windows\SYSTEM32\GLU32.dll
0x00007ffdbb460000 - 0x00007ffdbb468000 	C:\windows\SYSTEM32\DCIMAN32.dll
0x00007ffdaf2c0000 - 0x00007ffdaf2fe000 	C:\Program Files\Exelis\IDL85\bin\bin.x86_64\gl_driver.dll
0x00007ffdbe150000 - 0x00007ffdbe166000 	C:\windows\SYSTEM32\dhcpcsvc6.DLL
0x00007ffdbe130000 - 0x00007ffdbe14a000 	C:\windows\SYSTEM32\dhcpcsvc.DLL
0x000000000f180000 - 0x000000000f183000 	C:\windows\SYSTEM32\icmp.Dll
0x00007ffdbad10000 - 0x00007ffdbad7a000 	C:\windows\SYSTEM32\oleacc.dll
0x00007ffdb12d0000 - 0x00007ffdb1770000 	C:\windows\system32\explorerframe.dll
0x00007ffdb1ed0000 - 0x00007ffdb1f20000 	C:\windows\system32\edputil.dll
0x00007ffdb1b60000 - 0x00007ffdb1baa000 	C:\windows\system32\dataexchange.dll
0x00007ffdc3350000 - 0x00007ffdc3433000 	C:\windows\system32\dcomp.dll
0x00007ffdc2690000 - 0x00007ffdc2938000 	C:\windows\system32\d3d11.dll
0x00007ffdc25c0000 - 0x00007ffdc2663000 	C:\windows\system32\dxgi.dll
0x00007ffdc3bc0000 - 0x00007ffdc3cc0000 	C:\windows\system32\twinapi.appcore.dll
0x00007ffdba3b0000 - 0x00007ffdba3ee000 	C:\windows\system32\mlang.dll
0x00007ffdb6f50000 - 0x00007ffdb6f61000 	C:\Users\adria\.idl\idlworkbench-config-idl8.5_x86_64\org.eclipse.osgi\bundles\209\1\.cp\jWinHttp-1.0.0.dll
0x00007ffdc1430000 - 0x00007ffdc14f8000 	C:\windows\SYSTEM32\WINHTTP.dll
0x00007ffdaf190000 - 0x00007ffdaf1b5000 	C:\Program Files\Exelis\IDL85\bin\bin.x86_64\idl_xml.dll
0x00007ffd9d8d0000 - 0x00007ffd9db1e000 	C:\Program Files\Exelis\IDL85\bin\bin.x86_64\xerces-c_2_6_0.dll
0x00007ffdb6df0000 - 0x00007ffdb6e08000 	C:\windows\SYSTEM32\atig6pxx.dll
0x0000000076200000 - 0x0000000078000000 	C:\windows\SYSTEM32\atio6axx.dll
0x00007ffdc8400000 - 0x00007ffdc8829000 	C:\windows\system32\SETUPAPI.dll
0x00007ffda1d20000 - 0x00007ffda1e61000 	C:\windows\SYSTEM32\atiadlxx.dll
0x00007ffdc35d0000 - 0x00007ffdc35e3000 	C:\windows\SYSTEM32\WTSAPI32.dll
0x00007ffdc3af0000 - 0x00007ffdc3b17000 	C:\windows\SYSTEM32\DEVOBJ.dll
0x00007ffdc5230000 - 0x00007ffdc5285000 	C:\windows\system32\WINTRUST.dll
0x00007ffdac630000 - 0x00007ffdac65c000 	C:\windows\SYSTEM32\atig6txx.dll
0x00007ffdb02b0000 - 0x00007ffdb02fd000 	C:\Windows\System32\thumbcache.dll
0x00007ffdb0260000 - 0x00007ffdb02a3000 	C:\Program Files\Exelis\IDL85\bin\bin.x86_64\idl_png.dll
0x00007ffdaf720000 - 0x00007ffdaf8ac000 	C:\windows\SYSTEM32\dbghelp.dll

VM Arguments:
jvm_args: -Dosgi.instance.area.default=@user.home/IDLWorkspace85 -Dosgi.configuration.area=@user.home/.idl/idlworkbench-config-idl8.5_x86_64 -Dosgi.configuration.cascaded=true -Dosgi.checkConfiguration=true -Dosgi.sharedConfiguration.area.readOnly=true -Dorg.eclipse.update.reconcile=false -Declipse.p2.data.area=@config.dir/p2 -Dosgi.sharedConfiguration.area=C:\Program Files\Exelis\IDL85\bin\bin.x86_64/configuration 
java_command: <unknown>
Launcher Type: generic

Environment Variables:
PATH=C:/Program Files/Exelis/IDL85/bin/bin.x86_64/jre/bin/server;C:/Program Files/Exelis/IDL85/bin/bin.x86_64/jre/bin;C:/Program Files/Exelis/IDL85/bin/bin.x86_64/jre/lib/amd64;C:\Program Files\Exelis\IDL85\bin\bin.x86_64\;C:\Program Files\Broadcom\Broadcom 802.11 Network Adapter;C:\windows\system32;C:\windows;C:\windows\System32\Wbem;C:\windows\System32\WindowsPowerShell\v1.0\;c:\Program Files (x86)\ATI Technologies\ATI.ACE\Core-Static;C:\Program Files\Git\cmd;C:\Program Files\Exelis\IDL85\bin\bin.x86_64;
USERNAME=adria
OS=Windows_NT
PROCESSOR_IDENTIFIER=AMD64 Family 22 Model 48 Stepping 1, AuthenticAMD



---------------  S Y S T E M  ---------------

OS: Windows 8 , 64 bit Build 9200 

CPU:total 4 (4 cores per cpu, 1 threads per core) family 22 model 48 stepping 1, cmov, cx8, fxsr, mmx, sse, sse2, sse3, ssse3, sse4.1, sse4.2, popcnt, avx, mmxext, 3dnowpref, lzcnt, sse4a, tsc, tscinvbit, tscinv

Memory: 4k page, physical 7283720k(3580684k free), swap 9118728k(4247776k free)

vm_info: Java HotSpot(TM) 64-Bit Server VM (23.25-b01) for windows-amd64 JRE (1.7.0_25-b17), built on Jun 21 2013 12:58:32 by "java_re" with unknown MS VC++:1600

time: Wed Apr 27 14:15:37 2016
elapsed time: 13252 seconds

